<?xml version="1.0" encoding="UTF-8"?>
<!-- Generated by org.testng.reporters.JUnitReportReporter -->
<testsuite hostname="LAPTOP-0M17UIVA" failures="0" tests="3" name="testng.parameterization.DataProviderWithExcel" time="29.534" errors="0" timestamp="2025-07-01T22:17:02 IST" skipped="0">
  <testcase classname="testng.parameterization.DataProviderWithExcel" name="verifyLogin" time="10.084"/>
  <testcase classname="testng.parameterization.DataProviderWithExcel" name="verifyLogin" time="9.682"/>
  <testcase classname="testng.parameterization.DataProviderWithExcel" name="verifyLogin" time="9.768"/>
</testsuite> <!-- testng.parameterization.DataProviderWithExcel -->
